<?xml version="1.0" encoding="UTF-8"?>
<!-- Generated by org.testng.reporters.JUnitReportReporter -->
<testsuite skipped="0" hostname="DESKTOP-5012LI8" name="Testng.BeforetestBrowser" tests="1" failures="0" timestamp="12 Jun 2019 17:52:12 GMT" time="0.007" errors="0">
  <testcase name="acutalTest" time="0.007" classname="Testng.BeforetestBrowser"/>
</testsuite> <!-- Testng.BeforetestBrowser -->
