<?xml version="1.0" encoding="UTF-8"?>
<!-- Generated by org.testng.reporters.JUnitReportReporter -->
<testsuite skipped="0" hostname="DESKTOP-5012LI8" name="Testng.Class1" tests="2" failures="0" timestamp="25 Jan 2019 21:09:37 GMT" time="0.006" errors="0">
  <testcase name="C1M5" time="0.002" classname="Testng.Class1"/>
  <testcase name="C1M6" time="0.004" classname="Testng.Class1"/>
</testsuite> <!-- Testng.Class1 -->
