<?xml version="1.0" encoding="UTF-8"?>
<!-- Generated by org.testng.reporters.JUnitReportReporter -->
<testsuite skipped="0" hostname="DESKTOP-5012LI8" name="Testng.Class2" tests="6" failures="0" timestamp="25 Jan 2019 21:09:37 GMT" time="0.010" errors="0">
  <testcase name="C2m3" time="0.002" classname="Testng.Class2"/>
  <testcase name="C2M6" time="0.001" classname="Testng.Class2"/>
  <testcase name="C2M5" time="0.002" classname="Testng.Class2"/>
  <testcase name="C2M2" time="0.001" classname="Testng.Class2"/>
  <testcase name="C2M1" time="0.002" classname="Testng.Class2"/>
  <testcase name="C2M4" time="0.002" classname="Testng.Class2"/>
</testsuite> <!-- Testng.Class2 -->
