<?xml version="1.0" encoding="UTF-8"?>
<!-- Generated by org.testng.reporters.JUnitReportReporter -->
<testsuite skipped="0" hostname="DESKTOP-5012LI8" name="Testng.Class3" tests="6" failures="0" timestamp="25 Jan 2019 21:06:27 GMT" time="0.007" errors="0">
  <testcase name="C3M1" time="0.001" classname="Testng.Class3"/>
  <testcase name="C3M2" time="0.001" classname="Testng.Class3"/>
  <testcase name="C3m3" time="0.001" classname="Testng.Class3"/>
  <testcase name="C3M4" time="0.002" classname="Testng.Class3"/>
  <testcase name="C3M5" time="0.001" classname="Testng.Class3"/>
  <testcase name="C3M6" time="0.001" classname="Testng.Class3"/>
</testsuite> <!-- Testng.Class3 -->
