<?xml version="1.0" encoding="UTF-8"?>
<!-- Generated by org.testng.reporters.JUnitReportReporter -->
<testsuite skipped="0" hostname="DESKTOP-5012LI8" name="Testng.Priority" tests="6" failures="0" timestamp="25 Jan 2019 18:06:10 GMT" time="0.040" errors="0">
  <testcase name="M5" time="0.004" classname="Testng.Priority"/>
  <testcase name="M6" time="0.002" classname="Testng.Priority"/>
  <testcase name="m3" time="0.003" classname="Testng.Priority"/>
  <testcase name="M4" time="0.026" classname="Testng.Priority"/>
  <testcase name="M2" time="0.003" classname="Testng.Priority"/>
  <testcase name="M1" time="0.002" classname="Testng.Priority"/>
</testsuite> <!-- Testng.Priority -->
