<?xml version="1.0" encoding="UTF-8"?>
<!-- Generated by org.testng.reporters.JUnitReportReporter -->
<testsuite skipped="0" hostname="DESKTOP-5012LI8" name="Testng.PreAndPostConditions" tests="1" failures="0" timestamp="25 Jan 2019 21:09:37 GMT" time="0.006" errors="0">
  <testcase name="C3M5" time="0.006" classname="Testng.PreAndPostConditions"/>
</testsuite> <!-- Testng.PreAndPostConditions -->
