<?xml version="1.0" encoding="UTF-8"?>
<!-- Generated by org.testng.reporters.JUnitReportReporter -->
<testsuite skipped="0" hostname="DESKTOP-5012LI8" name="Interview_topics.DataProviderDemo" tests="7" failures="0" timestamp="22 Feb 2019 21:11:04 GMT" time="0.032" errors="0">
  <testcase name="read" time="0.001" classname="Interview_topics.DataProviderDemo"/>
  <testcase name="read" time="0.001" classname="Interview_topics.DataProviderDemo"/>
  <testcase name="read" time="0.022" classname="Interview_topics.DataProviderDemo"/>
  <testcase name="read" time="0.003" classname="Interview_topics.DataProviderDemo"/>
  <testcase name="read" time="0.001" classname="Interview_topics.DataProviderDemo"/>
  <testcase name="read" time="0.001" classname="Interview_topics.DataProviderDemo"/>
  <testcase name="read" time="0.003" classname="Interview_topics.DataProviderDemo"/>
</testsuite> <!-- Interview_topics.DataProviderDemo -->
