<?xml version="1.0" encoding="UTF-8"?>
<!-- Generated by org.testng.reporters.JUnitReportReporter -->
<testsuite skipped="0" hostname="DESKTOP-5012LI8" name="Interview_topics.TesngPractice" tests="3" failures="0" timestamp="24 Jan 2019 16:07:36 GMT" time="0.016" errors="0">
  <testcase name="dadd" time="0.012" classname="Interview_topics.TesngPractice"/>
  <testcase name="bul" time="0.002" classname="Interview_topics.TesngPractice"/>
  <testcase name="cubb" time="0.002" classname="Interview_topics.TesngPractice"/>
</testsuite> <!-- Interview_topics.TesngPractice -->
