<?xml version="1.0" encoding="UTF-8"?>
<!-- Generated by org.testng.reporters.JUnitReportReporter -->
<testsuite skipped="0" hostname="DESKTOP-5012LI8" name="Interview_topics.Alertpopup" tests="1" failures="0" timestamp="06 Feb 2019 06:20:10 GMT" time="7.996" errors="0">
  <testcase name="alertpopupmethod" time="7.996" classname="Interview_topics.Alertpopup"/>
</testsuite> <!-- Interview_topics.Alertpopup -->
